Arguments: 
  C:\Program Files\nodejs\node.exe C:\Program Files\nodejs\node_modules\yarn\bin\yarn.js add redis

PATH: 
  C:\Program Files\Git\mingw64\bin;C:\Program Files\Git\usr\bin;C:\Users\user\bin;C:\Program Files (x86)\Common Files\Oracle\Java\javapath;C:\Windows\system32;C:\Windows;C:\Windows\System32\Wbem;C:\Windows\System32\WindowsPowerShell\v1.0;C:\Program Files (x86)\NVIDIA Corporation\PhysX\Common;C:\Users\user\AppData\Roaming\nvm;C:\Program Files\nodejs;C:\Program Files\Git\cmd;C:\Users\user\AppData\Local\Android\Sdk\platform-tools;C:\Program Files\PostgreSQL\9.5\bin;C:\Program Files\PostgreSQL\9.5\lib;C:\Users\user\AppData\Local\Microsoft\WindowsApps;C:\Users\user\AppData\Roaming\nvm;C:\Program Files\nodejs

Yarn version: 
  1.9.4

Node version: 
  8.11.3

Platform: 
  win32 x64

Trace: 
  Error: EPERM: operation not permitted, unlink 'C:\Users\user\WebstormProjects\node-redis\node_modules\babel-runtime\node_modules\core-js\modules'

npm manifest: 
  {
    "name": "server",
    "version": "1.0.0",
    "description": "",
    "main": "index.js",
    "scripts": {
      "start": "node index.js",
      "server": "nodemon index.js --ignore tests",
      "client": "npm run start --prefix client",
      "dev": "concurrently \"npm run server\" \"npm run client\"",
      "build": "NPM_CONFIG_PRODUCTION=false npm install --prefix client && npm run build --prefix client",
      "heroku-postbuild": "npm run build"
    },
    "author": "",
    "license": "ISC",
    "dependencies": {
      "aws-sdk": "^2.188.0",
      "body-parser": "^1.17.2",
      "concurrently": "^3.5.0",
      "cookie-session": "^2.0.0-beta.2",
      "express": "^4.15.3",
      "jest": "^22.1.4",
      "migrate-mongoose": "^3.2.2",
      "mongoose": "^4.11.1",
      "nodemon": "^1.11.0",
      "passport": "^0.3.2",
      "passport-google-oauth20": "^1.0.0",
      "path-parser": "^2.0.2",
      "puppeteer": "^1.0.0",
      "redis": "^2.8.0",
      "uuid": "^3.2.1"
    }
  }

yarn manifest: 
  No manifest

Lockfile: 
  No lockfile
